2026-04-01 13:39:44.971 [main] INFO  org.hibernate.Version - HHH000412: Hibernate ORM core version [WORKING]
2026-04-01 13:39:44.987 [main] INFO  com.zaxxer.hikari.HikariDataSource - portfolio-pool - Starting...
2026-04-01 13:41:11.083 [main] INFO  org.hibernate.Version - HHH000412: Hibernate ORM core version [WORKING]
2026-04-01 13:41:11.096 [main] INFO  com.zaxxer.hikari.HikariDataSource - portfolio-pool - Starting...
2026-04-01 13:41:11.210 [main] INFO  com.zaxxer.hikari.pool.HikariPool - portfolio-pool - Added connection conn0: url=jdbc:h2:./data/portfoliodb user=SA
2026-04-01 13:41:11.211 [main] INFO  com.zaxxer.hikari.HikariDataSource - portfolio-pool - Start completed.
2026-04-01 13:41:11.223 [main] INFO  org.hibernate.cache.internal.RegionFactoryInitiator - HHH000026: Second-level cache disabled
2026-04-01 13:41:11.699 [main] INFO  o.h.e.transaction.jta.platform.internal.JtaPlatformInitiator - HHH000489: No JTA platform available (set 'hibernate.transaction.jta.platform' to enable JTA platform integration)
2026-04-01 14:13:27.171 [main] INFO  org.hibernate.Version - HHH000412: Hibernate ORM core version [WORKING]
2026-04-01 14:13:27.183 [main] INFO  com.zaxxer.hikari.HikariDataSource - portfolio-pool - Starting...
2026-04-01 14:13:27.298 [main] INFO  com.zaxxer.hikari.pool.HikariPool - portfolio-pool - Added connection conn0: url=jdbc:h2:./data/portfoliodb user=SA
2026-04-01 14:13:27.298 [main] INFO  com.zaxxer.hikari.HikariDataSource - portfolio-pool - Start completed.
2026-04-01 14:13:27.312 [main] INFO  org.hibernate.cache.internal.RegionFactoryInitiator - HHH000026: Second-level cache disabled
2026-04-01 14:13:27.784 [main] INFO  o.h.e.transaction.jta.platform.internal.JtaPlatformInitiator - HHH000489: No JTA platform available (set 'hibernate.transaction.jta.platform' to enable JTA platform integration)
2026-04-01 14:41:13.598 [main] INFO  org.hibernate.Version - HHH000412: Hibernate ORM core version [WORKING]
2026-04-01 14:41:13.611 [main] INFO  com.zaxxer.hikari.HikariDataSource - portfolio-pool - Starting...
2026-04-01 14:41:13.720 [main] INFO  com.zaxxer.hikari.pool.HikariPool - portfolio-pool - Added connection conn0: url=jdbc:h2:./data/portfoliodb user=SA
2026-04-01 14:41:13.721 [main] INFO  com.zaxxer.hikari.HikariDataSource - portfolio-pool - Start completed.
2026-04-01 14:41:13.733 [main] INFO  org.hibernate.cache.internal.RegionFactoryInitiator - HHH000026: Second-level cache disabled
2026-04-01 14:41:14.205 [main] INFO  o.h.e.transaction.jta.platform.internal.JtaPlatformInitiator - HHH000489: No JTA platform available (set 'hibernate.transaction.jta.platform' to enable JTA platform integration)
2026-04-01 14:58:16.305 [main] INFO  org.hibernate.Version - HHH000412: Hibernate ORM core version [WORKING]
2026-04-01 14:58:16.318 [main] INFO  com.zaxxer.hikari.HikariDataSource - portfolio-pool - Starting...
2026-04-01 14:58:16.427 [main] INFO  com.zaxxer.hikari.pool.HikariPool - portfolio-pool - Added connection conn0: url=jdbc:h2:./data/portfoliodb user=SA
2026-04-01 14:58:16.428 [main] INFO  com.zaxxer.hikari.HikariDataSource - portfolio-pool - Start completed.
2026-04-01 14:58:16.440 [main] INFO  org.hibernate.cache.internal.RegionFactoryInitiator - HHH000026: Second-level cache disabled
2026-04-01 14:58:16.907 [main] INFO  o.h.e.transaction.jta.platform.internal.JtaPlatformInitiator - HHH000489: No JTA platform available (set 'hibernate.transaction.jta.platform' to enable JTA platform integration)
