2026-04-11 11:33:54.449 [main] INFO  org.hibernate.Version - HHH000412: Hibernate ORM core version [WORKING]
2026-04-11 11:33:54.464 [main] INFO  com.zaxxer.hikari.HikariDataSource - portfolio-pool - Starting...
2026-04-11 11:33:54.801 [main] INFO  com.zaxxer.hikari.pool.HikariPool - portfolio-pool - Added connection conn0: url=jdbc:h2:./data/portfoliodb user=SA
2026-04-11 11:33:54.802 [main] INFO  com.zaxxer.hikari.HikariDataSource - portfolio-pool - Start completed.
2026-04-11 11:33:54.814 [main] INFO  org.hibernate.cache.internal.RegionFactoryInitiator - HHH000026: Second-level cache disabled
2026-04-11 11:33:55.274 [main] INFO  o.h.e.transaction.jta.platform.internal.JtaPlatformInitiator - HHH000489: No JTA platform available (set 'hibernate.transaction.jta.platform' to enable JTA platform integration)
2026-04-11 11:42:07.047 [main] INFO  org.hibernate.Version - HHH000412: Hibernate ORM core version [WORKING]
2026-04-11 11:42:07.059 [main] INFO  com.zaxxer.hikari.HikariDataSource - portfolio-pool - Starting...
2026-04-11 11:42:07.176 [main] INFO  com.zaxxer.hikari.pool.HikariPool - portfolio-pool - Added connection conn0: url=jdbc:h2:./data/portfoliodb user=SA
2026-04-11 11:42:07.176 [main] INFO  com.zaxxer.hikari.HikariDataSource - portfolio-pool - Start completed.
2026-04-11 11:42:07.188 [main] INFO  org.hibernate.cache.internal.RegionFactoryInitiator - HHH000026: Second-level cache disabled
2026-04-11 11:42:07.624 [main] INFO  o.h.e.transaction.jta.platform.internal.JtaPlatformInitiator - HHH000489: No JTA platform available (set 'hibernate.transaction.jta.platform' to enable JTA platform integration)
2026-04-11 14:27:10.951 [main] INFO  org.hibernate.Version - HHH000412: Hibernate ORM core version [WORKING]
2026-04-11 14:27:10.963 [main] INFO  com.zaxxer.hikari.HikariDataSource - portfolio-pool - Starting...
2026-04-11 14:27:11.084 [main] INFO  com.zaxxer.hikari.pool.HikariPool - portfolio-pool - Added connection conn0: url=jdbc:h2:./data/portfoliodb user=SA
2026-04-11 14:27:11.085 [main] INFO  com.zaxxer.hikari.HikariDataSource - portfolio-pool - Start completed.
2026-04-11 14:27:11.097 [main] INFO  org.hibernate.cache.internal.RegionFactoryInitiator - HHH000026: Second-level cache disabled
2026-04-11 14:27:11.539 [main] INFO  o.h.e.transaction.jta.platform.internal.JtaPlatformInitiator - HHH000489: No JTA platform available (set 'hibernate.transaction.jta.platform' to enable JTA platform integration)
2026-04-11 14:36:19.106 [main] INFO  org.hibernate.Version - HHH000412: Hibernate ORM core version [WORKING]
2026-04-11 14:36:19.118 [main] INFO  com.zaxxer.hikari.HikariDataSource - portfolio-pool - Starting...
2026-04-11 14:36:19.237 [main] INFO  com.zaxxer.hikari.pool.HikariPool - portfolio-pool - Added connection conn0: url=jdbc:h2:./data/portfoliodb user=SA
2026-04-11 14:36:19.237 [main] INFO  com.zaxxer.hikari.HikariDataSource - portfolio-pool - Start completed.
2026-04-11 14:36:19.249 [main] INFO  org.hibernate.cache.internal.RegionFactoryInitiator - HHH000026: Second-level cache disabled
2026-04-11 14:36:19.699 [main] INFO  o.h.e.transaction.jta.platform.internal.JtaPlatformInitiator - HHH000489: No JTA platform available (set 'hibernate.transaction.jta.platform' to enable JTA platform integration)
