2026-03-28 17:17:50.387 [main] INFO  org.hibernate.Version - HHH000412: Hibernate ORM core version [WORKING]
2026-03-28 17:17:50.399 [main] INFO  com.zaxxer.hikari.HikariDataSource - portfolio-pool - Starting...
2026-03-28 17:17:50.541 [main] INFO  com.zaxxer.hikari.pool.HikariPool - portfolio-pool - Added connection conn1: url=jdbc:h2:./data/portfoliodb user=SA
2026-03-28 17:17:50.542 [main] INFO  com.zaxxer.hikari.HikariDataSource - portfolio-pool - Start completed.
2026-03-28 17:17:50.554 [main] INFO  org.hibernate.cache.internal.RegionFactoryInitiator - HHH000026: Second-level cache disabled
2026-03-28 17:17:51.021 [main] INFO  o.h.e.transaction.jta.platform.internal.JtaPlatformInitiator - HHH000489: No JTA platform available (set 'hibernate.transaction.jta.platform' to enable JTA platform integration)
2026-03-28 17:30:53.388 [main] INFO  org.hibernate.Version - HHH000412: Hibernate ORM core version [WORKING]
2026-03-28 17:30:53.400 [main] INFO  com.zaxxer.hikari.HikariDataSource - portfolio-pool - Starting...
2026-03-28 17:30:53.545 [main] INFO  com.zaxxer.hikari.pool.HikariPool - portfolio-pool - Added connection conn1: url=jdbc:h2:./data/portfoliodb user=SA
2026-03-28 17:30:53.546 [main] INFO  com.zaxxer.hikari.HikariDataSource - portfolio-pool - Start completed.
2026-03-28 17:30:53.557 [main] INFO  org.hibernate.cache.internal.RegionFactoryInitiator - HHH000026: Second-level cache disabled
2026-03-28 17:30:54.007 [main] INFO  o.h.e.transaction.jta.platform.internal.JtaPlatformInitiator - HHH000489: No JTA platform available (set 'hibernate.transaction.jta.platform' to enable JTA platform integration)
2026-03-28 17:34:46.468 [main] INFO  org.hibernate.Version - HHH000412: Hibernate ORM core version [WORKING]
2026-03-28 17:34:46.479 [main] INFO  com.zaxxer.hikari.HikariDataSource - portfolio-pool - Starting...
2026-03-28 17:34:46.623 [main] INFO  com.zaxxer.hikari.pool.HikariPool - portfolio-pool - Added connection conn1: url=jdbc:h2:./data/portfoliodb user=SA
2026-03-28 17:34:46.624 [main] INFO  com.zaxxer.hikari.HikariDataSource - portfolio-pool - Start completed.
2026-03-28 17:34:46.634 [main] INFO  org.hibernate.cache.internal.RegionFactoryInitiator - HHH000026: Second-level cache disabled
2026-03-28 17:34:47.068 [main] INFO  o.h.e.transaction.jta.platform.internal.JtaPlatformInitiator - HHH000489: No JTA platform available (set 'hibernate.transaction.jta.platform' to enable JTA platform integration)
2026-03-28 17:49:59.481 [main] INFO  org.hibernate.Version - HHH000412: Hibernate ORM core version [WORKING]
2026-03-28 17:49:59.494 [main] INFO  com.zaxxer.hikari.HikariDataSource - portfolio-pool - Starting...
2026-03-28 17:55:58.395 [main] INFO  org.hibernate.Version - HHH000412: Hibernate ORM core version [WORKING]
2026-03-28 17:55:58.406 [main] INFO  com.zaxxer.hikari.HikariDataSource - portfolio-pool - Starting...
2026-03-28 17:55:58.500 [main] INFO  com.zaxxer.hikari.pool.HikariPool - portfolio-pool - Added connection conn0: url=jdbc:h2:./data/portfoliodb user=SA
2026-03-28 17:55:58.501 [main] INFO  com.zaxxer.hikari.HikariDataSource - portfolio-pool - Start completed.
2026-03-28 17:55:58.513 [main] INFO  org.hibernate.cache.internal.RegionFactoryInitiator - HHH000026: Second-level cache disabled
2026-03-28 17:55:58.964 [main] INFO  o.h.e.transaction.jta.platform.internal.JtaPlatformInitiator - HHH000489: No JTA platform available (set 'hibernate.transaction.jta.platform' to enable JTA platform integration)
2026-03-28 17:56:17.883 [virtual-64] INFO  yahoofinance.quotes.query1v7.QuotesRequest - Sending request: https://query1.finance.yahoo.com/v7/finance/quote?symbols=SPY
2026-03-28 18:09:35.341 [virtual-72] INFO  yahoofinance.quotes.query1v7.QuotesRequest - Sending request: https://query1.finance.yahoo.com/v7/finance/quote?symbols=VOO
2026-03-28 18:09:35.451 [virtual-72] INFO  yahoofinance.quotes.query1v7.QuotesRequest - Sending request: https://query1.finance.yahoo.com/v7/finance/quote?symbols=VXUS
2026-03-28 18:09:35.509 [virtual-72] INFO  yahoofinance.quotes.query1v7.QuotesRequest - Sending request: https://query1.finance.yahoo.com/v7/finance/quote?symbols=BND
2026-03-28 18:09:35.569 [virtual-72] INFO  yahoofinance.quotes.query1v7.QuotesRequest - Sending request: https://query1.finance.yahoo.com/v7/finance/quote?symbols=SGOV
2026-03-28 18:12:12.882 [main] INFO  org.hibernate.Version - HHH000412: Hibernate ORM core version [WORKING]
2026-03-28 18:12:12.894 [main] INFO  com.zaxxer.hikari.HikariDataSource - portfolio-pool - Starting...
2026-03-28 18:12:12.985 [main] INFO  com.zaxxer.hikari.pool.HikariPool - portfolio-pool - Added connection conn0: url=jdbc:h2:./data/portfoliodb user=SA
2026-03-28 18:12:12.985 [main] INFO  com.zaxxer.hikari.HikariDataSource - portfolio-pool - Start completed.
2026-03-28 18:12:12.996 [main] INFO  org.hibernate.cache.internal.RegionFactoryInitiator - HHH000026: Second-level cache disabled
2026-03-28 18:12:13.430 [main] INFO  o.h.e.transaction.jta.platform.internal.JtaPlatformInitiator - HHH000489: No JTA platform available (set 'hibernate.transaction.jta.platform' to enable JTA platform integration)
2026-03-28 18:16:06.425 [main] INFO  org.hibernate.Version - HHH000412: Hibernate ORM core version [WORKING]
2026-03-28 18:16:06.437 [main] INFO  com.zaxxer.hikari.HikariDataSource - portfolio-pool - Starting...
2026-03-28 18:16:06.532 [main] INFO  com.zaxxer.hikari.pool.HikariPool - portfolio-pool - Added connection conn0: url=jdbc:h2:./data/portfoliodb user=SA
2026-03-28 18:16:06.533 [main] INFO  com.zaxxer.hikari.HikariDataSource - portfolio-pool - Start completed.
2026-03-28 18:16:06.544 [main] INFO  org.hibernate.cache.internal.RegionFactoryInitiator - HHH000026: Second-level cache disabled
2026-03-28 18:16:06.978 [main] INFO  o.h.e.transaction.jta.platform.internal.JtaPlatformInitiator - HHH000489: No JTA platform available (set 'hibernate.transaction.jta.platform' to enable JTA platform integration)
2026-03-28 18:22:03.600 [main] INFO  org.hibernate.Version - HHH000412: Hibernate ORM core version [WORKING]
2026-03-28 18:22:03.612 [main] INFO  com.zaxxer.hikari.HikariDataSource - portfolio-pool - Starting...
2026-03-28 18:24:08.980 [main] INFO  org.hibernate.Version - HHH000412: Hibernate ORM core version [WORKING]
2026-03-28 18:24:08.991 [main] INFO  com.zaxxer.hikari.HikariDataSource - portfolio-pool - Starting...
2026-03-28 18:24:09.083 [main] INFO  com.zaxxer.hikari.pool.HikariPool - portfolio-pool - Added connection conn0: url=jdbc:h2:./data/portfoliodb user=SA
2026-03-28 18:24:09.083 [main] INFO  com.zaxxer.hikari.HikariDataSource - portfolio-pool - Start completed.
2026-03-28 18:24:09.094 [main] INFO  org.hibernate.cache.internal.RegionFactoryInitiator - HHH000026: Second-level cache disabled
2026-03-28 18:24:09.539 [main] INFO  o.h.e.transaction.jta.platform.internal.JtaPlatformInitiator - HHH000489: No JTA platform available (set 'hibernate.transaction.jta.platform' to enable JTA platform integration)
2026-03-28 18:34:19.244 [main] INFO  org.hibernate.Version - HHH000412: Hibernate ORM core version [WORKING]
2026-03-28 18:34:19.256 [main] INFO  com.zaxxer.hikari.HikariDataSource - portfolio-pool - Starting...
2026-03-28 18:34:19.356 [main] INFO  com.zaxxer.hikari.pool.HikariPool - portfolio-pool - Added connection conn0: url=jdbc:h2:./data/portfoliodb user=SA
2026-03-28 18:34:19.356 [main] INFO  com.zaxxer.hikari.HikariDataSource - portfolio-pool - Start completed.
2026-03-28 18:34:19.368 [main] INFO  org.hibernate.cache.internal.RegionFactoryInitiator - HHH000026: Second-level cache disabled
2026-03-28 18:34:19.826 [main] INFO  o.h.e.transaction.jta.platform.internal.JtaPlatformInitiator - HHH000489: No JTA platform available (set 'hibernate.transaction.jta.platform' to enable JTA platform integration)
2026-03-28 18:38:22.341 [main] INFO  org.hibernate.Version - HHH000412: Hibernate ORM core version [WORKING]
2026-03-28 18:38:22.353 [main] INFO  com.zaxxer.hikari.HikariDataSource - portfolio-pool - Starting...
2026-03-28 18:38:22.451 [main] INFO  com.zaxxer.hikari.pool.HikariPool - portfolio-pool - Added connection conn0: url=jdbc:h2:./data/portfoliodb user=SA
2026-03-28 18:38:22.452 [main] INFO  com.zaxxer.hikari.HikariDataSource - portfolio-pool - Start completed.
2026-03-28 18:38:22.464 [main] INFO  org.hibernate.cache.internal.RegionFactoryInitiator - HHH000026: Second-level cache disabled
2026-03-28 18:38:22.916 [main] INFO  o.h.e.transaction.jta.platform.internal.JtaPlatformInitiator - HHH000489: No JTA platform available (set 'hibernate.transaction.jta.platform' to enable JTA platform integration)
2026-03-28 18:46:21.472 [main] INFO  org.hibernate.Version - HHH000412: Hibernate ORM core version [WORKING]
2026-03-28 18:46:21.484 [main] INFO  com.zaxxer.hikari.HikariDataSource - portfolio-pool - Starting...
2026-03-28 18:46:21.585 [main] INFO  com.zaxxer.hikari.pool.HikariPool - portfolio-pool - Added connection conn0: url=jdbc:h2:./data/portfoliodb user=SA
2026-03-28 18:46:21.585 [main] INFO  com.zaxxer.hikari.HikariDataSource - portfolio-pool - Start completed.
2026-03-28 18:46:21.597 [main] INFO  org.hibernate.cache.internal.RegionFactoryInitiator - HHH000026: Second-level cache disabled
2026-03-28 18:46:22.029 [main] INFO  o.h.e.transaction.jta.platform.internal.JtaPlatformInitiator - HHH000489: No JTA platform available (set 'hibernate.transaction.jta.platform' to enable JTA platform integration)
2026-03-28 18:56:58.162 [main] INFO  org.hibernate.Version - HHH000412: Hibernate ORM core version [WORKING]
2026-03-28 18:56:58.174 [main] INFO  com.zaxxer.hikari.HikariDataSource - portfolio-pool - Starting...
2026-03-28 18:56:58.273 [main] INFO  com.zaxxer.hikari.pool.HikariPool - portfolio-pool - Added connection conn0: url=jdbc:h2:./data/portfoliodb user=SA
2026-03-28 18:56:58.273 [main] INFO  com.zaxxer.hikari.HikariDataSource - portfolio-pool - Start completed.
2026-03-28 18:56:58.285 [main] INFO  org.hibernate.cache.internal.RegionFactoryInitiator - HHH000026: Second-level cache disabled
2026-03-28 18:56:58.722 [main] INFO  o.h.e.transaction.jta.platform.internal.JtaPlatformInitiator - HHH000489: No JTA platform available (set 'hibernate.transaction.jta.platform' to enable JTA platform integration)
2026-03-28 19:04:02.479 [main] INFO  org.hibernate.Version - HHH000412: Hibernate ORM core version [WORKING]
2026-03-28 19:04:02.490 [main] INFO  com.zaxxer.hikari.HikariDataSource - portfolio-pool - Starting...
2026-03-28 19:04:02.594 [main] INFO  com.zaxxer.hikari.pool.HikariPool - portfolio-pool - Added connection conn0: url=jdbc:h2:./data/portfoliodb user=SA
2026-03-28 19:04:02.595 [main] INFO  com.zaxxer.hikari.HikariDataSource - portfolio-pool - Start completed.
2026-03-28 19:04:02.606 [main] INFO  org.hibernate.cache.internal.RegionFactoryInitiator - HHH000026: Second-level cache disabled
2026-03-28 19:04:03.030 [main] INFO  o.h.e.transaction.jta.platform.internal.JtaPlatformInitiator - HHH000489: No JTA platform available (set 'hibernate.transaction.jta.platform' to enable JTA platform integration)
2026-03-28 19:12:39.270 [main] INFO  org.hibernate.Version - HHH000412: Hibernate ORM core version [WORKING]
2026-03-28 19:12:39.282 [main] INFO  com.zaxxer.hikari.HikariDataSource - portfolio-pool - Starting...
2026-03-28 19:12:39.383 [main] INFO  com.zaxxer.hikari.pool.HikariPool - portfolio-pool - Added connection conn0: url=jdbc:h2:./data/portfoliodb user=SA
2026-03-28 19:12:39.384 [main] INFO  com.zaxxer.hikari.HikariDataSource - portfolio-pool - Start completed.
2026-03-28 19:12:39.396 [main] INFO  org.hibernate.cache.internal.RegionFactoryInitiator - HHH000026: Second-level cache disabled
2026-03-28 19:12:39.857 [main] INFO  o.h.e.transaction.jta.platform.internal.JtaPlatformInitiator - HHH000489: No JTA platform available (set 'hibernate.transaction.jta.platform' to enable JTA platform integration)
2026-03-28 19:15:44.402 [main] INFO  org.hibernate.Version - HHH000412: Hibernate ORM core version [WORKING]
2026-03-28 19:15:44.414 [main] INFO  com.zaxxer.hikari.HikariDataSource - portfolio-pool - Starting...
2026-03-28 19:15:44.513 [main] INFO  com.zaxxer.hikari.pool.HikariPool - portfolio-pool - Added connection conn0: url=jdbc:h2:./data/portfoliodb user=SA
2026-03-28 19:15:44.513 [main] INFO  com.zaxxer.hikari.HikariDataSource - portfolio-pool - Start completed.
2026-03-28 19:15:44.524 [main] INFO  org.hibernate.cache.internal.RegionFactoryInitiator - HHH000026: Second-level cache disabled
2026-03-28 19:15:44.963 [main] INFO  o.h.e.transaction.jta.platform.internal.JtaPlatformInitiator - HHH000489: No JTA platform available (set 'hibernate.transaction.jta.platform' to enable JTA platform integration)
2026-03-28 19:25:51.849 [main] INFO  org.hibernate.Version - HHH000412: Hibernate ORM core version [WORKING]
2026-03-28 19:25:51.861 [main] INFO  com.zaxxer.hikari.HikariDataSource - portfolio-pool - Starting...
2026-03-28 19:25:51.954 [main] INFO  com.zaxxer.hikari.pool.HikariPool - portfolio-pool - Added connection conn0: url=jdbc:h2:./data/portfoliodb user=SA
2026-03-28 19:25:51.955 [main] INFO  com.zaxxer.hikari.HikariDataSource - portfolio-pool - Start completed.
2026-03-28 19:25:51.965 [main] INFO  org.hibernate.cache.internal.RegionFactoryInitiator - HHH000026: Second-level cache disabled
2026-03-28 19:25:52.402 [main] INFO  o.h.e.transaction.jta.platform.internal.JtaPlatformInitiator - HHH000489: No JTA platform available (set 'hibernate.transaction.jta.platform' to enable JTA platform integration)
2026-03-28 19:29:08.953 [main] INFO  org.hibernate.Version - HHH000412: Hibernate ORM core version [WORKING]
2026-03-28 19:29:08.964 [main] INFO  com.zaxxer.hikari.HikariDataSource - portfolio-pool - Starting...
2026-03-28 19:29:09.058 [main] INFO  com.zaxxer.hikari.pool.HikariPool - portfolio-pool - Added connection conn0: url=jdbc:h2:./data/portfoliodb user=SA
2026-03-28 19:29:09.059 [main] INFO  com.zaxxer.hikari.HikariDataSource - portfolio-pool - Start completed.
2026-03-28 19:29:09.070 [main] INFO  org.hibernate.cache.internal.RegionFactoryInitiator - HHH000026: Second-level cache disabled
2026-03-28 19:29:09.507 [main] INFO  o.h.e.transaction.jta.platform.internal.JtaPlatformInitiator - HHH000489: No JTA platform available (set 'hibernate.transaction.jta.platform' to enable JTA platform integration)
